CRITICAL - 2020-10-02 08:00:02 --> Unable to connect to the database.
#0 C:\Program Files\xampp\htdocs\gwpC1\vendor\codeigniter4\framework\system\Database\BaseConnection.php(646): CodeIgniter\Database\BaseConnection->initialize()
#1 C:\Program Files\xampp\htdocs\gwpC1\vendor\codeigniter4\framework\system\Database\BaseConnection.php(1548): CodeIgniter\Database\BaseConnection->query('SHOW TABLES FRO...')
#2 C:\Program Files\xampp\htdocs\gwpC1\vendor\codeigniter4\framework\system\Database\BaseConnection.php(1591): CodeIgniter\Database\BaseConnection->listTables()
#3 C:\Program Files\xampp\htdocs\gwpC1\vendor\codeigniter4\framework\system\Database\MigrationRunner.php(945): CodeIgniter\Database\BaseConnection->tableExists('migrations')
#4 C:\Program Files\xampp\htdocs\gwpC1\vendor\codeigniter4\framework\system\Database\MigrationRunner.php(193): CodeIgniter\Database\MigrationRunner->ensureTable()
#5 C:\Program Files\xampp\htdocs\gwpC1\vendor\codeigniter4\framework\system\Commands\Database\Migrate.php(128): CodeIgniter\Database\MigrationRunner->latest(NULL)
#6 C:\Program Files\xampp\htdocs\gwpC1\vendor\codeigniter4\framework\system\CLI\Commands.php(100): CodeIgniter\Commands\Database\Migrate->run(Array)
#7 C:\Program Files\xampp\htdocs\gwpC1\vendor\codeigniter4\framework\system\CLI\CommandRunner.php(107): CodeIgniter\CLI\Commands->run('migrate', Array)
#8 C:\Program Files\xampp\htdocs\gwpC1\vendor\codeigniter4\framework\system\CLI\CommandRunner.php(85): CodeIgniter\CLI\CommandRunner->index(Array)
#9 C:\Program Files\xampp\htdocs\gwpC1\vendor\codeigniter4\framework\system\CodeIgniter.php(914): CodeIgniter\CLI\CommandRunner->_remap('index', 'migrate')
#10 C:\Program Files\xampp\htdocs\gwpC1\vendor\codeigniter4\framework\system\CodeIgniter.php(404): CodeIgniter\CodeIgniter->runController(Object(CodeIgniter\CLI\CommandRunner))
#11 C:\Program Files\xampp\htdocs\gwpC1\vendor\codeigniter4\framework\system\CodeIgniter.php(312): CodeIgniter\CodeIgniter->handleRequest(NULL, Object(Config\Cache), false)
#12 C:\Program Files\xampp\htdocs\gwpC1\vendor\codeigniter4\framework\system\CLI\Console.php(86): CodeIgniter\CodeIgniter->run()
#13 C:\Program Files\xampp\htdocs\gwpC1\spark(57): CodeIgniter\CLI\Console->run()
#14 {main}
CRITICAL - 2020-10-02 08:00:40 --> Unable to connect to the database.
#0 C:\Program Files\xampp\htdocs\gwpC1\vendor\codeigniter4\framework\system\Database\BaseConnection.php(646): CodeIgniter\Database\BaseConnection->initialize()
#1 C:\Program Files\xampp\htdocs\gwpC1\vendor\codeigniter4\framework\system\Database\BaseConnection.php(1548): CodeIgniter\Database\BaseConnection->query('SHOW TABLES FRO...')
#2 C:\Program Files\xampp\htdocs\gwpC1\vendor\codeigniter4\framework\system\Database\BaseConnection.php(1591): CodeIgniter\Database\BaseConnection->listTables()
#3 C:\Program Files\xampp\htdocs\gwpC1\vendor\codeigniter4\framework\system\Database\MigrationRunner.php(945): CodeIgniter\Database\BaseConnection->tableExists('migrations')
#4 C:\Program Files\xampp\htdocs\gwpC1\vendor\codeigniter4\framework\system\Database\MigrationRunner.php(193): CodeIgniter\Database\MigrationRunner->ensureTable()
#5 C:\Program Files\xampp\htdocs\gwpC1\vendor\codeigniter4\framework\system\Commands\Database\Migrate.php(128): CodeIgniter\Database\MigrationRunner->latest(NULL)
#6 C:\Program Files\xampp\htdocs\gwpC1\vendor\codeigniter4\framework\system\CLI\Commands.php(100): CodeIgniter\Commands\Database\Migrate->run(Array)
#7 C:\Program Files\xampp\htdocs\gwpC1\vendor\codeigniter4\framework\system\CLI\CommandRunner.php(107): CodeIgniter\CLI\Commands->run('migrate', Array)
#8 C:\Program Files\xampp\htdocs\gwpC1\vendor\codeigniter4\framework\system\CLI\CommandRunner.php(85): CodeIgniter\CLI\CommandRunner->index(Array)
#9 C:\Program Files\xampp\htdocs\gwpC1\vendor\codeigniter4\framework\system\CodeIgniter.php(914): CodeIgniter\CLI\CommandRunner->_remap('index', 'migrate')
#10 C:\Program Files\xampp\htdocs\gwpC1\vendor\codeigniter4\framework\system\CodeIgniter.php(404): CodeIgniter\CodeIgniter->runController(Object(CodeIgniter\CLI\CommandRunner))
#11 C:\Program Files\xampp\htdocs\gwpC1\vendor\codeigniter4\framework\system\CodeIgniter.php(312): CodeIgniter\CodeIgniter->handleRequest(NULL, Object(Config\Cache), false)
#12 C:\Program Files\xampp\htdocs\gwpC1\vendor\codeigniter4\framework\system\CLI\Console.php(86): CodeIgniter\CodeIgniter->run()
#13 C:\Program Files\xampp\htdocs\gwpC1\spark(57): CodeIgniter\CLI\Console->run()
#14 {main}
CRITICAL - 2020-10-02 08:01:44 --> Unable to connect to the database.
#0 C:\Program Files\xampp\htdocs\gwpC1\vendor\codeigniter4\framework\system\Database\BaseConnection.php(646): CodeIgniter\Database\BaseConnection->initialize()
#1 C:\Program Files\xampp\htdocs\gwpC1\vendor\codeigniter4\framework\system\Database\BaseConnection.php(1548): CodeIgniter\Database\BaseConnection->query('SHOW TABLES FRO...')
#2 C:\Program Files\xampp\htdocs\gwpC1\vendor\codeigniter4\framework\system\Database\BaseConnection.php(1591): CodeIgniter\Database\BaseConnection->listTables()
#3 C:\Program Files\xampp\htdocs\gwpC1\vendor\codeigniter4\framework\system\Database\MigrationRunner.php(945): CodeIgniter\Database\BaseConnection->tableExists('migrations')
#4 C:\Program Files\xampp\htdocs\gwpC1\vendor\codeigniter4\framework\system\Database\MigrationRunner.php(278): CodeIgniter\Database\MigrationRunner->ensureTable()
#5 C:\Program Files\xampp\htdocs\gwpC1\vendor\codeigniter4\framework\system\Commands\Database\MigrateRollback.php(133): CodeIgniter\Database\MigrationRunner->regress(0)
#6 C:\Program Files\xampp\htdocs\gwpC1\vendor\codeigniter4\framework\system\CLI\Commands.php(100): CodeIgniter\Commands\Database\MigrateRollback->run(Array)
#7 C:\Program Files\xampp\htdocs\gwpC1\vendor\codeigniter4\framework\system\CLI\BaseCommand.php(155): CodeIgniter\CLI\Commands->run('migrate:rollbac...', Array)
#8 C:\Program Files\xampp\htdocs\gwpC1\vendor\codeigniter4\framework\system\Commands\Database\MigrateRefresh.php(123): CodeIgniter\CLI\BaseCommand->call('migrate:rollbac...', Array)
#9 C:\Program Files\xampp\htdocs\gwpC1\vendor\codeigniter4\framework\system\CLI\Commands.php(100): CodeIgniter\Commands\Database\MigrateRefresh->run(Array)
#10 C:\Program Files\xampp\htdocs\gwpC1\vendor\codeigniter4\framework\system\CLI\CommandRunner.php(107): CodeIgniter\CLI\Commands->run('migrate:refresh', Array)
#11 C:\Program Files\xampp\htdocs\gwpC1\vendor\codeigniter4\framework\system\CLI\CommandRunner.php(85): CodeIgniter\CLI\CommandRunner->index(Array)
#12 C:\Program Files\xampp\htdocs\gwpC1\vendor\codeigniter4\framework\system\CodeIgniter.php(914): CodeIgniter\CLI\CommandRunner->_remap('index', 'migrate:refresh')
#13 C:\Program Files\xampp\htdocs\gwpC1\vendor\codeigniter4\framework\system\CodeIgniter.php(404): CodeIgniter\CodeIgniter->runController(Object(CodeIgniter\CLI\CommandRunner))
#14 C:\Program Files\xampp\htdocs\gwpC1\vendor\codeigniter4\framework\system\CodeIgniter.php(312): CodeIgniter\CodeIgniter->handleRequest(NULL, Object(Config\Cache), false)
#15 C:\Program Files\xampp\htdocs\gwpC1\vendor\codeigniter4\framework\system\CLI\Console.php(86): CodeIgniter\CodeIgniter->run()
#16 C:\Program Files\xampp\htdocs\gwpC1\spark(57): CodeIgniter\CLI\Console->run()
#17 {main}
CRITICAL - 2020-10-02 08:02:04 --> Unable to connect to the database.
#0 C:\Program Files\xampp\htdocs\gwpC1\vendor\codeigniter4\framework\system\Database\BaseConnection.php(646): CodeIgniter\Database\BaseConnection->initialize()
#1 C:\Program Files\xampp\htdocs\gwpC1\vendor\codeigniter4\framework\system\Database\BaseConnection.php(1548): CodeIgniter\Database\BaseConnection->query('SHOW TABLES FRO...')
#2 C:\Program Files\xampp\htdocs\gwpC1\vendor\codeigniter4\framework\system\Database\BaseConnection.php(1591): CodeIgniter\Database\BaseConnection->listTables()
#3 C:\Program Files\xampp\htdocs\gwpC1\vendor\codeigniter4\framework\system\Database\MigrationRunner.php(945): CodeIgniter\Database\BaseConnection->tableExists('migrations')
#4 C:\Program Files\xampp\htdocs\gwpC1\vendor\codeigniter4\framework\system\Database\MigrationRunner.php(193): CodeIgniter\Database\MigrationRunner->ensureTable()
#5 C:\Program Files\xampp\htdocs\gwpC1\vendor\codeigniter4\framework\system\Commands\Database\Migrate.php(128): CodeIgniter\Database\MigrationRunner->latest(NULL)
#6 C:\Program Files\xampp\htdocs\gwpC1\vendor\codeigniter4\framework\system\CLI\Commands.php(100): CodeIgniter\Commands\Database\Migrate->run(Array)
#7 C:\Program Files\xampp\htdocs\gwpC1\vendor\codeigniter4\framework\system\CLI\CommandRunner.php(107): CodeIgniter\CLI\Commands->run('migrate', Array)
#8 C:\Program Files\xampp\htdocs\gwpC1\vendor\codeigniter4\framework\system\CLI\CommandRunner.php(85): CodeIgniter\CLI\CommandRunner->index(Array)
#9 C:\Program Files\xampp\htdocs\gwpC1\vendor\codeigniter4\framework\system\CodeIgniter.php(914): CodeIgniter\CLI\CommandRunner->_remap('index', 'migrate')
#10 C:\Program Files\xampp\htdocs\gwpC1\vendor\codeigniter4\framework\system\CodeIgniter.php(404): CodeIgniter\CodeIgniter->runController(Object(CodeIgniter\CLI\CommandRunner))
#11 C:\Program Files\xampp\htdocs\gwpC1\vendor\codeigniter4\framework\system\CodeIgniter.php(312): CodeIgniter\CodeIgniter->handleRequest(NULL, Object(Config\Cache), false)
#12 C:\Program Files\xampp\htdocs\gwpC1\vendor\codeigniter4\framework\system\CLI\Console.php(86): CodeIgniter\CodeIgniter->run()
#13 C:\Program Files\xampp\htdocs\gwpC1\spark(57): CodeIgniter\CLI\Console->run()
#14 {main}
CRITICAL - 2020-10-02 08:02:23 --> Unable to connect to the database.
#0 C:\Program Files\xampp\htdocs\gwpC1\vendor\codeigniter4\framework\system\Database\BaseConnection.php(646): CodeIgniter\Database\BaseConnection->initialize()
#1 C:\Program Files\xampp\htdocs\gwpC1\vendor\codeigniter4\framework\system\Database\BaseConnection.php(1548): CodeIgniter\Database\BaseConnection->query('SHOW TABLES FRO...')
#2 C:\Program Files\xampp\htdocs\gwpC1\vendor\codeigniter4\framework\system\Database\BaseConnection.php(1591): CodeIgniter\Database\BaseConnection->listTables()
#3 C:\Program Files\xampp\htdocs\gwpC1\vendor\codeigniter4\framework\system\Database\MigrationRunner.php(945): CodeIgniter\Database\BaseConnection->tableExists('migrations')
#4 C:\Program Files\xampp\htdocs\gwpC1\vendor\codeigniter4\framework\system\Database\MigrationRunner.php(193): CodeIgniter\Database\MigrationRunner->ensureTable()
#5 C:\Program Files\xampp\htdocs\gwpC1\vendor\codeigniter4\framework\system\Commands\Database\Migrate.php(128): CodeIgniter\Database\MigrationRunner->latest(NULL)
#6 C:\Program Files\xampp\htdocs\gwpC1\vendor\codeigniter4\framework\system\CLI\Commands.php(100): CodeIgniter\Commands\Database\Migrate->run(Array)
#7 C:\Program Files\xampp\htdocs\gwpC1\vendor\codeigniter4\framework\system\CLI\CommandRunner.php(107): CodeIgniter\CLI\Commands->run('migrate', Array)
#8 C:\Program Files\xampp\htdocs\gwpC1\vendor\codeigniter4\framework\system\CLI\CommandRunner.php(85): CodeIgniter\CLI\CommandRunner->index(Array)
#9 C:\Program Files\xampp\htdocs\gwpC1\vendor\codeigniter4\framework\system\CodeIgniter.php(914): CodeIgniter\CLI\CommandRunner->_remap('index', 'migrate')
#10 C:\Program Files\xampp\htdocs\gwpC1\vendor\codeigniter4\framework\system\CodeIgniter.php(404): CodeIgniter\CodeIgniter->runController(Object(CodeIgniter\CLI\CommandRunner))
#11 C:\Program Files\xampp\htdocs\gwpC1\vendor\codeigniter4\framework\system\CodeIgniter.php(312): CodeIgniter\CodeIgniter->handleRequest(NULL, Object(Config\Cache), false)
#12 C:\Program Files\xampp\htdocs\gwpC1\vendor\codeigniter4\framework\system\CLI\Console.php(86): CodeIgniter\CodeIgniter->run()
#13 C:\Program Files\xampp\htdocs\gwpC1\spark(57): CodeIgniter\CLI\Console->run()
#14 {main}
CRITICAL - 2020-10-02 08:02:46 --> Unable to connect to the database.
#0 C:\Program Files\xampp\htdocs\gwpC1\vendor\codeigniter4\framework\system\Database\BaseConnection.php(646): CodeIgniter\Database\BaseConnection->initialize()
#1 C:\Program Files\xampp\htdocs\gwpC1\vendor\codeigniter4\framework\system\Database\BaseConnection.php(1548): CodeIgniter\Database\BaseConnection->query('SHOW TABLES FRO...')
#2 C:\Program Files\xampp\htdocs\gwpC1\vendor\codeigniter4\framework\system\Database\BaseConnection.php(1591): CodeIgniter\Database\BaseConnection->listTables()
#3 C:\Program Files\xampp\htdocs\gwpC1\vendor\codeigniter4\framework\system\Database\MigrationRunner.php(945): CodeIgniter\Database\BaseConnection->tableExists('migrations')
#4 C:\Program Files\xampp\htdocs\gwpC1\vendor\codeigniter4\framework\system\Database\MigrationRunner.php(193): CodeIgniter\Database\MigrationRunner->ensureTable()
#5 C:\Program Files\xampp\htdocs\gwpC1\vendor\codeigniter4\framework\system\Commands\Database\Migrate.php(128): CodeIgniter\Database\MigrationRunner->latest(NULL)
#6 C:\Program Files\xampp\htdocs\gwpC1\vendor\codeigniter4\framework\system\CLI\Commands.php(100): CodeIgniter\Commands\Database\Migrate->run(Array)
#7 C:\Program Files\xampp\htdocs\gwpC1\vendor\codeigniter4\framework\system\CLI\CommandRunner.php(107): CodeIgniter\CLI\Commands->run('migrate', Array)
#8 C:\Program Files\xampp\htdocs\gwpC1\vendor\codeigniter4\framework\system\CLI\CommandRunner.php(85): CodeIgniter\CLI\CommandRunner->index(Array)
#9 C:\Program Files\xampp\htdocs\gwpC1\vendor\codeigniter4\framework\system\CodeIgniter.php(914): CodeIgniter\CLI\CommandRunner->_remap('index', 'migrate')
#10 C:\Program Files\xampp\htdocs\gwpC1\vendor\codeigniter4\framework\system\CodeIgniter.php(404): CodeIgniter\CodeIgniter->runController(Object(CodeIgniter\CLI\CommandRunner))
#11 C:\Program Files\xampp\htdocs\gwpC1\vendor\codeigniter4\framework\system\CodeIgniter.php(312): CodeIgniter\CodeIgniter->handleRequest(NULL, Object(Config\Cache), false)
#12 C:\Program Files\xampp\htdocs\gwpC1\vendor\codeigniter4\framework\system\CLI\Console.php(86): CodeIgniter\CodeIgniter->run()
#13 C:\Program Files\xampp\htdocs\gwpC1\spark(57): CodeIgniter\CLI\Console->run()
#14 {main}
CRITICAL - 2020-10-02 08:04:06 --> Unable to connect to the database.
#0 C:\Program Files\xampp\htdocs\gwpC1\vendor\codeigniter4\framework\system\Database\BaseConnection.php(646): CodeIgniter\Database\BaseConnection->initialize()
#1 C:\Program Files\xampp\htdocs\gwpC1\vendor\codeigniter4\framework\system\Database\BaseConnection.php(1548): CodeIgniter\Database\BaseConnection->query('SHOW TABLES FRO...')
#2 C:\Program Files\xampp\htdocs\gwpC1\vendor\codeigniter4\framework\system\Database\BaseConnection.php(1591): CodeIgniter\Database\BaseConnection->listTables()
#3 C:\Program Files\xampp\htdocs\gwpC1\vendor\codeigniter4\framework\system\Database\MigrationRunner.php(945): CodeIgniter\Database\BaseConnection->tableExists('migrations')
#4 C:\Program Files\xampp\htdocs\gwpC1\vendor\codeigniter4\framework\system\Database\MigrationRunner.php(193): CodeIgniter\Database\MigrationRunner->ensureTable()
#5 C:\Program Files\xampp\htdocs\gwpC1\vendor\codeigniter4\framework\system\Commands\Database\Migrate.php(128): CodeIgniter\Database\MigrationRunner->latest(NULL)
#6 C:\Program Files\xampp\htdocs\gwpC1\vendor\codeigniter4\framework\system\CLI\Commands.php(100): CodeIgniter\Commands\Database\Migrate->run(Array)
#7 C:\Program Files\xampp\htdocs\gwpC1\vendor\codeigniter4\framework\system\CLI\CommandRunner.php(107): CodeIgniter\CLI\Commands->run('migrate', Array)
#8 C:\Program Files\xampp\htdocs\gwpC1\vendor\codeigniter4\framework\system\CLI\CommandRunner.php(85): CodeIgniter\CLI\CommandRunner->index(Array)
#9 C:\Program Files\xampp\htdocs\gwpC1\vendor\codeigniter4\framework\system\CodeIgniter.php(914): CodeIgniter\CLI\CommandRunner->_remap('index', 'migrate')
#10 C:\Program Files\xampp\htdocs\gwpC1\vendor\codeigniter4\framework\system\CodeIgniter.php(404): CodeIgniter\CodeIgniter->runController(Object(CodeIgniter\CLI\CommandRunner))
#11 C:\Program Files\xampp\htdocs\gwpC1\vendor\codeigniter4\framework\system\CodeIgniter.php(312): CodeIgniter\CodeIgniter->handleRequest(NULL, Object(Config\Cache), false)
#12 C:\Program Files\xampp\htdocs\gwpC1\vendor\codeigniter4\framework\system\CLI\Console.php(86): CodeIgniter\CodeIgniter->run()
#13 C:\Program Files\xampp\htdocs\gwpC1\spark(57): CodeIgniter\CLI\Console->run()
#14 {main}
CRITICAL - 2020-10-02 08:04:28 --> Unable to connect to the database.
#0 C:\Program Files\xampp\htdocs\gwpC1\vendor\codeigniter4\framework\system\Database\BaseConnection.php(646): CodeIgniter\Database\BaseConnection->initialize()
#1 C:\Program Files\xampp\htdocs\gwpC1\vendor\codeigniter4\framework\system\Database\BaseConnection.php(1548): CodeIgniter\Database\BaseConnection->query('SHOW TABLES FRO...')
#2 C:\Program Files\xampp\htdocs\gwpC1\vendor\codeigniter4\framework\system\Database\BaseConnection.php(1591): CodeIgniter\Database\BaseConnection->listTables()
#3 C:\Program Files\xampp\htdocs\gwpC1\vendor\codeigniter4\framework\system\Database\MigrationRunner.php(945): CodeIgniter\Database\BaseConnection->tableExists('migrations')
#4 C:\Program Files\xampp\htdocs\gwpC1\vendor\codeigniter4\framework\system\Database\MigrationRunner.php(193): CodeIgniter\Database\MigrationRunner->ensureTable()
#5 C:\Program Files\xampp\htdocs\gwpC1\vendor\codeigniter4\framework\system\Commands\Database\Migrate.php(128): CodeIgniter\Database\MigrationRunner->latest(NULL)
#6 C:\Program Files\xampp\htdocs\gwpC1\vendor\codeigniter4\framework\system\CLI\Commands.php(100): CodeIgniter\Commands\Database\Migrate->run(Array)
#7 C:\Program Files\xampp\htdocs\gwpC1\vendor\codeigniter4\framework\system\CLI\CommandRunner.php(107): CodeIgniter\CLI\Commands->run('migrate', Array)
#8 C:\Program Files\xampp\htdocs\gwpC1\vendor\codeigniter4\framework\system\CLI\CommandRunner.php(85): CodeIgniter\CLI\CommandRunner->index(Array)
#9 C:\Program Files\xampp\htdocs\gwpC1\vendor\codeigniter4\framework\system\CodeIgniter.php(914): CodeIgniter\CLI\CommandRunner->_remap('index', 'migrate')
#10 C:\Program Files\xampp\htdocs\gwpC1\vendor\codeigniter4\framework\system\CodeIgniter.php(404): CodeIgniter\CodeIgniter->runController(Object(CodeIgniter\CLI\CommandRunner))
#11 C:\Program Files\xampp\htdocs\gwpC1\vendor\codeigniter4\framework\system\CodeIgniter.php(312): CodeIgniter\CodeIgniter->handleRequest(NULL, Object(Config\Cache), false)
#12 C:\Program Files\xampp\htdocs\gwpC1\vendor\codeigniter4\framework\system\CLI\Console.php(86): CodeIgniter\CodeIgniter->run()
#13 C:\Program Files\xampp\htdocs\gwpC1\spark(57): CodeIgniter\CLI\Console->run()
#14 {main}
CRITICAL - 2020-10-02 08:04:42 --> Unable to connect to the database.
#0 C:\Program Files\xampp\htdocs\gwpC1\vendor\codeigniter4\framework\system\Database\BaseConnection.php(646): CodeIgniter\Database\BaseConnection->initialize()
#1 C:\Program Files\xampp\htdocs\gwpC1\vendor\codeigniter4\framework\system\Database\BaseConnection.php(1548): CodeIgniter\Database\BaseConnection->query('SHOW TABLES FRO...')
#2 C:\Program Files\xampp\htdocs\gwpC1\vendor\codeigniter4\framework\system\Database\BaseConnection.php(1591): CodeIgniter\Database\BaseConnection->listTables()
#3 C:\Program Files\xampp\htdocs\gwpC1\vendor\codeigniter4\framework\system\Database\MigrationRunner.php(945): CodeIgniter\Database\BaseConnection->tableExists('migrations')
#4 C:\Program Files\xampp\htdocs\gwpC1\vendor\codeigniter4\framework\system\Database\MigrationRunner.php(278): CodeIgniter\Database\MigrationRunner->ensureTable()
#5 C:\Program Files\xampp\htdocs\gwpC1\vendor\codeigniter4\framework\system\Commands\Database\MigrateRollback.php(133): CodeIgniter\Database\MigrationRunner->regress(0)
#6 C:\Program Files\xampp\htdocs\gwpC1\vendor\codeigniter4\framework\system\CLI\Commands.php(100): CodeIgniter\Commands\Database\MigrateRollback->run(Array)
#7 C:\Program Files\xampp\htdocs\gwpC1\vendor\codeigniter4\framework\system\CLI\BaseCommand.php(155): CodeIgniter\CLI\Commands->run('migrate:rollbac...', Array)
#8 C:\Program Files\xampp\htdocs\gwpC1\vendor\codeigniter4\framework\system\Commands\Database\MigrateRefresh.php(123): CodeIgniter\CLI\BaseCommand->call('migrate:rollbac...', Array)
#9 C:\Program Files\xampp\htdocs\gwpC1\vendor\codeigniter4\framework\system\CLI\Commands.php(100): CodeIgniter\Commands\Database\MigrateRefresh->run(Array)
#10 C:\Program Files\xampp\htdocs\gwpC1\vendor\codeigniter4\framework\system\CLI\CommandRunner.php(107): CodeIgniter\CLI\Commands->run('migrate:refresh', Array)
#11 C:\Program Files\xampp\htdocs\gwpC1\vendor\codeigniter4\framework\system\CLI\CommandRunner.php(85): CodeIgniter\CLI\CommandRunner->index(Array)
#12 C:\Program Files\xampp\htdocs\gwpC1\vendor\codeigniter4\framework\system\CodeIgniter.php(914): CodeIgniter\CLI\CommandRunner->_remap('index', 'migrate:refresh')
#13 C:\Program Files\xampp\htdocs\gwpC1\vendor\codeigniter4\framework\system\CodeIgniter.php(404): CodeIgniter\CodeIgniter->runController(Object(CodeIgniter\CLI\CommandRunner))
#14 C:\Program Files\xampp\htdocs\gwpC1\vendor\codeigniter4\framework\system\CodeIgniter.php(312): CodeIgniter\CodeIgniter->handleRequest(NULL, Object(Config\Cache), false)
#15 C:\Program Files\xampp\htdocs\gwpC1\vendor\codeigniter4\framework\system\CLI\Console.php(86): CodeIgniter\CodeIgniter->run()
#16 C:\Program Files\xampp\htdocs\gwpC1\spark(57): CodeIgniter\CLI\Console->run()
#17 {main}
CRITICAL - 2020-10-02 08:06:07 --> syntax error, unexpected 'public' (T_PUBLIC), expecting ',' or ';'
#0 C:\Program Files\xampp\htdocs\gwpC1\vendor\codeigniter4\framework\system\Database\MigrationRunner.php(223): CodeIgniter\Database\MigrationRunner->migrate('up', Object(stdClass))
#1 C:\Program Files\xampp\htdocs\gwpC1\vendor\codeigniter4\framework\system\Commands\Database\Migrate.php(128): CodeIgniter\Database\MigrationRunner->latest(NULL)
#2 C:\Program Files\xampp\htdocs\gwpC1\vendor\codeigniter4\framework\system\CLI\Commands.php(100): CodeIgniter\Commands\Database\Migrate->run(Array)
#3 C:\Program Files\xampp\htdocs\gwpC1\vendor\codeigniter4\framework\system\CLI\CommandRunner.php(107): CodeIgniter\CLI\Commands->run('migrate', Array)
#4 C:\Program Files\xampp\htdocs\gwpC1\vendor\codeigniter4\framework\system\CLI\CommandRunner.php(85): CodeIgniter\CLI\CommandRunner->index(Array)
#5 C:\Program Files\xampp\htdocs\gwpC1\vendor\codeigniter4\framework\system\CodeIgniter.php(914): CodeIgniter\CLI\CommandRunner->_remap('index', 'migrate')
#6 C:\Program Files\xampp\htdocs\gwpC1\vendor\codeigniter4\framework\system\CodeIgniter.php(404): CodeIgniter\CodeIgniter->runController(Object(CodeIgniter\CLI\CommandRunner))
#7 C:\Program Files\xampp\htdocs\gwpC1\vendor\codeigniter4\framework\system\CodeIgniter.php(312): CodeIgniter\CodeIgniter->handleRequest(NULL, Object(Config\Cache), false)
#8 C:\Program Files\xampp\htdocs\gwpC1\vendor\codeigniter4\framework\system\CLI\Console.php(86): CodeIgniter\CodeIgniter->run()
#9 C:\Program Files\xampp\htdocs\gwpC1\spark(57): CodeIgniter\CLI\Console->run()
#10 {main}
CRITICAL - 2020-10-02 08:06:23 --> syntax error, unexpected 'public' (T_PUBLIC), expecting ',' or ';'
#0 C:\Program Files\xampp\htdocs\gwpC1\vendor\codeigniter4\framework\system\Database\MigrationRunner.php(223): CodeIgniter\Database\MigrationRunner->migrate('up', Object(stdClass))
#1 C:\Program Files\xampp\htdocs\gwpC1\vendor\codeigniter4\framework\system\Commands\Database\Migrate.php(128): CodeIgniter\Database\MigrationRunner->latest(NULL)
#2 C:\Program Files\xampp\htdocs\gwpC1\vendor\codeigniter4\framework\system\CLI\Commands.php(100): CodeIgniter\Commands\Database\Migrate->run(Array)
#3 C:\Program Files\xampp\htdocs\gwpC1\vendor\codeigniter4\framework\system\CLI\CommandRunner.php(107): CodeIgniter\CLI\Commands->run('migrate', Array)
#4 C:\Program Files\xampp\htdocs\gwpC1\vendor\codeigniter4\framework\system\CLI\CommandRunner.php(85): CodeIgniter\CLI\CommandRunner->index(Array)
#5 C:\Program Files\xampp\htdocs\gwpC1\vendor\codeigniter4\framework\system\CodeIgniter.php(914): CodeIgniter\CLI\CommandRunner->_remap('index', 'migrate')
#6 C:\Program Files\xampp\htdocs\gwpC1\vendor\codeigniter4\framework\system\CodeIgniter.php(404): CodeIgniter\CodeIgniter->runController(Object(CodeIgniter\CLI\CommandRunner))
#7 C:\Program Files\xampp\htdocs\gwpC1\vendor\codeigniter4\framework\system\CodeIgniter.php(312): CodeIgniter\CodeIgniter->handleRequest(NULL, Object(Config\Cache), false)
#8 C:\Program Files\xampp\htdocs\gwpC1\vendor\codeigniter4\framework\system\CLI\Console.php(86): CodeIgniter\CodeIgniter->run()
#9 C:\Program Files\xampp\htdocs\gwpC1\spark(57): CodeIgniter\CLI\Console->run()
#10 {main}
CRITICAL - 2020-10-02 08:06:38 --> syntax error, unexpected 'public' (T_PUBLIC), expecting ',' or ';'
#0 C:\Program Files\xampp\htdocs\gwpC1\vendor\codeigniter4\framework\system\Database\MigrationRunner.php(223): CodeIgniter\Database\MigrationRunner->migrate('up', Object(stdClass))
#1 C:\Program Files\xampp\htdocs\gwpC1\vendor\codeigniter4\framework\system\Commands\Database\Migrate.php(128): CodeIgniter\Database\MigrationRunner->latest(NULL)
#2 C:\Program Files\xampp\htdocs\gwpC1\vendor\codeigniter4\framework\system\CLI\Commands.php(100): CodeIgniter\Commands\Database\Migrate->run(Array)
#3 C:\Program Files\xampp\htdocs\gwpC1\vendor\codeigniter4\framework\system\CLI\BaseCommand.php(155): CodeIgniter\CLI\Commands->run('migrate', Array)
#4 C:\Program Files\xampp\htdocs\gwpC1\vendor\codeigniter4\framework\system\Commands\Database\MigrateRefresh.php(124): CodeIgniter\CLI\BaseCommand->call('migrate')
#5 C:\Program Files\xampp\htdocs\gwpC1\vendor\codeigniter4\framework\system\CLI\Commands.php(100): CodeIgniter\Commands\Database\MigrateRefresh->run(Array)
#6 C:\Program Files\xampp\htdocs\gwpC1\vendor\codeigniter4\framework\system\CLI\CommandRunner.php(107): CodeIgniter\CLI\Commands->run('migrate:refresh', Array)
#7 C:\Program Files\xampp\htdocs\gwpC1\vendor\codeigniter4\framework\system\CLI\CommandRunner.php(85): CodeIgniter\CLI\CommandRunner->index(Array)
#8 C:\Program Files\xampp\htdocs\gwpC1\vendor\codeigniter4\framework\system\CodeIgniter.php(914): CodeIgniter\CLI\CommandRunner->_remap('index', 'migrate:refresh')
#9 C:\Program Files\xampp\htdocs\gwpC1\vendor\codeigniter4\framework\system\CodeIgniter.php(404): CodeIgniter\CodeIgniter->runController(Object(CodeIgniter\CLI\CommandRunner))
#10 C:\Program Files\xampp\htdocs\gwpC1\vendor\codeigniter4\framework\system\CodeIgniter.php(312): CodeIgniter\CodeIgniter->handleRequest(NULL, Object(Config\Cache), false)
#11 C:\Program Files\xampp\htdocs\gwpC1\vendor\codeigniter4\framework\system\CLI\Console.php(86): CodeIgniter\CodeIgniter->run()
#12 C:\Program Files\xampp\htdocs\gwpC1\spark(57): CodeIgniter\CLI\Console->run()
#13 {main}
CRITICAL - 2020-10-02 08:06:54 --> syntax error, unexpected 'public' (T_PUBLIC), expecting ',' or ';'
#0 C:\Program Files\xampp\htdocs\gwpC1\vendor\codeigniter4\framework\system\Database\MigrationRunner.php(223): CodeIgniter\Database\MigrationRunner->migrate('up', Object(stdClass))
#1 C:\Program Files\xampp\htdocs\gwpC1\vendor\codeigniter4\framework\system\Commands\Database\Migrate.php(128): CodeIgniter\Database\MigrationRunner->latest(NULL)
#2 C:\Program Files\xampp\htdocs\gwpC1\vendor\codeigniter4\framework\system\CLI\Commands.php(100): CodeIgniter\Commands\Database\Migrate->run(Array)
#3 C:\Program Files\xampp\htdocs\gwpC1\vendor\codeigniter4\framework\system\CLI\CommandRunner.php(107): CodeIgniter\CLI\Commands->run('migrate', Array)
#4 C:\Program Files\xampp\htdocs\gwpC1\vendor\codeigniter4\framework\system\CLI\CommandRunner.php(85): CodeIgniter\CLI\CommandRunner->index(Array)
#5 C:\Program Files\xampp\htdocs\gwpC1\vendor\codeigniter4\framework\system\CodeIgniter.php(914): CodeIgniter\CLI\CommandRunner->_remap('index', 'migrate')
#6 C:\Program Files\xampp\htdocs\gwpC1\vendor\codeigniter4\framework\system\CodeIgniter.php(404): CodeIgniter\CodeIgniter->runController(Object(CodeIgniter\CLI\CommandRunner))
#7 C:\Program Files\xampp\htdocs\gwpC1\vendor\codeigniter4\framework\system\CodeIgniter.php(312): CodeIgniter\CodeIgniter->handleRequest(NULL, Object(Config\Cache), false)
#8 C:\Program Files\xampp\htdocs\gwpC1\vendor\codeigniter4\framework\system\CLI\Console.php(86): CodeIgniter\CodeIgniter->run()
#9 C:\Program Files\xampp\htdocs\gwpC1\spark(57): CodeIgniter\CLI\Console->run()
#10 {main}
CRITICAL - 2020-10-02 08:07:09 --> syntax error, unexpected 'public' (T_PUBLIC), expecting ',' or ';'
#0 C:\Program Files\xampp\htdocs\gwpC1\vendor\codeigniter4\framework\system\Database\MigrationRunner.php(223): CodeIgniter\Database\MigrationRunner->migrate('up', Object(stdClass))
#1 C:\Program Files\xampp\htdocs\gwpC1\vendor\codeigniter4\framework\system\Commands\Database\Migrate.php(128): CodeIgniter\Database\MigrationRunner->latest(NULL)
#2 C:\Program Files\xampp\htdocs\gwpC1\vendor\codeigniter4\framework\system\CLI\Commands.php(100): CodeIgniter\Commands\Database\Migrate->run(Array)
#3 C:\Program Files\xampp\htdocs\gwpC1\vendor\codeigniter4\framework\system\CLI\BaseCommand.php(155): CodeIgniter\CLI\Commands->run('migrate', Array)
#4 C:\Program Files\xampp\htdocs\gwpC1\vendor\codeigniter4\framework\system\Commands\Database\MigrateRefresh.php(124): CodeIgniter\CLI\BaseCommand->call('migrate')
#5 C:\Program Files\xampp\htdocs\gwpC1\vendor\codeigniter4\framework\system\CLI\Commands.php(100): CodeIgniter\Commands\Database\MigrateRefresh->run(Array)
#6 C:\Program Files\xampp\htdocs\gwpC1\vendor\codeigniter4\framework\system\CLI\CommandRunner.php(107): CodeIgniter\CLI\Commands->run('migrate:refresh', Array)
#7 C:\Program Files\xampp\htdocs\gwpC1\vendor\codeigniter4\framework\system\CLI\CommandRunner.php(85): CodeIgniter\CLI\CommandRunner->index(Array)
#8 C:\Program Files\xampp\htdocs\gwpC1\vendor\codeigniter4\framework\system\CodeIgniter.php(914): CodeIgniter\CLI\CommandRunner->_remap('index', 'migrate:refresh')
#9 C:\Program Files\xampp\htdocs\gwpC1\vendor\codeigniter4\framework\system\CodeIgniter.php(404): CodeIgniter\CodeIgniter->runController(Object(CodeIgniter\CLI\CommandRunner))
#10 C:\Program Files\xampp\htdocs\gwpC1\vendor\codeigniter4\framework\system\CodeIgniter.php(312): CodeIgniter\CodeIgniter->handleRequest(NULL, Object(Config\Cache), false)
#11 C:\Program Files\xampp\htdocs\gwpC1\vendor\codeigniter4\framework\system\CLI\Console.php(86): CodeIgniter\CodeIgniter->run()
#12 C:\Program Files\xampp\htdocs\gwpC1\spark(57): CodeIgniter\CLI\Console->run()
#13 {main}
CRITICAL - 2020-10-02 08:07:29 --> syntax error, unexpected 'public' (T_PUBLIC), expecting ',' or ';'
#0 C:\Program Files\xampp\htdocs\gwpC1\vendor\codeigniter4\framework\system\Database\MigrationRunner.php(223): CodeIgniter\Database\MigrationRunner->migrate('up', Object(stdClass))
#1 C:\Program Files\xampp\htdocs\gwpC1\vendor\codeigniter4\framework\system\Commands\Database\Migrate.php(128): CodeIgniter\Database\MigrationRunner->latest(NULL)
#2 C:\Program Files\xampp\htdocs\gwpC1\vendor\codeigniter4\framework\system\CLI\Commands.php(100): CodeIgniter\Commands\Database\Migrate->run(Array)
#3 C:\Program Files\xampp\htdocs\gwpC1\vendor\codeigniter4\framework\system\CLI\BaseCommand.php(155): CodeIgniter\CLI\Commands->run('migrate', Array)
#4 C:\Program Files\xampp\htdocs\gwpC1\vendor\codeigniter4\framework\system\Commands\Database\MigrateRefresh.php(124): CodeIgniter\CLI\BaseCommand->call('migrate')
#5 C:\Program Files\xampp\htdocs\gwpC1\vendor\codeigniter4\framework\system\CLI\Commands.php(100): CodeIgniter\Commands\Database\MigrateRefresh->run(Array)
#6 C:\Program Files\xampp\htdocs\gwpC1\vendor\codeigniter4\framework\system\CLI\CommandRunner.php(107): CodeIgniter\CLI\Commands->run('migrate:refresh', Array)
#7 C:\Program Files\xampp\htdocs\gwpC1\vendor\codeigniter4\framework\system\CLI\CommandRunner.php(85): CodeIgniter\CLI\CommandRunner->index(Array)
#8 C:\Program Files\xampp\htdocs\gwpC1\vendor\codeigniter4\framework\system\CodeIgniter.php(914): CodeIgniter\CLI\CommandRunner->_remap('index', 'migrate:refresh')
#9 C:\Program Files\xampp\htdocs\gwpC1\vendor\codeigniter4\framework\system\CodeIgniter.php(404): CodeIgniter\CodeIgniter->runController(Object(CodeIgniter\CLI\CommandRunner))
#10 C:\Program Files\xampp\htdocs\gwpC1\vendor\codeigniter4\framework\system\CodeIgniter.php(312): CodeIgniter\CodeIgniter->handleRequest(NULL, Object(Config\Cache), false)
#11 C:\Program Files\xampp\htdocs\gwpC1\vendor\codeigniter4\framework\system\CLI\Console.php(86): CodeIgniter\CodeIgniter->run()
#12 C:\Program Files\xampp\htdocs\gwpC1\spark(57): CodeIgniter\CLI\Console->run()
#13 {main}
CRITICAL - 2020-10-02 08:07:33 --> syntax error, unexpected 'public' (T_PUBLIC), expecting ',' or ';'
#0 C:\Program Files\xampp\htdocs\gwpC1\vendor\codeigniter4\framework\system\Database\MigrationRunner.php(223): CodeIgniter\Database\MigrationRunner->migrate('up', Object(stdClass))
#1 C:\Program Files\xampp\htdocs\gwpC1\vendor\codeigniter4\framework\system\Commands\Database\Migrate.php(128): CodeIgniter\Database\MigrationRunner->latest(NULL)
#2 C:\Program Files\xampp\htdocs\gwpC1\vendor\codeigniter4\framework\system\CLI\Commands.php(100): CodeIgniter\Commands\Database\Migrate->run(Array)
#3 C:\Program Files\xampp\htdocs\gwpC1\vendor\codeigniter4\framework\system\CLI\CommandRunner.php(107): CodeIgniter\CLI\Commands->run('migrate', Array)
#4 C:\Program Files\xampp\htdocs\gwpC1\vendor\codeigniter4\framework\system\CLI\CommandRunner.php(85): CodeIgniter\CLI\CommandRunner->index(Array)
#5 C:\Program Files\xampp\htdocs\gwpC1\vendor\codeigniter4\framework\system\CodeIgniter.php(914): CodeIgniter\CLI\CommandRunner->_remap('index', 'migrate')
#6 C:\Program Files\xampp\htdocs\gwpC1\vendor\codeigniter4\framework\system\CodeIgniter.php(404): CodeIgniter\CodeIgniter->runController(Object(CodeIgniter\CLI\CommandRunner))
#7 C:\Program Files\xampp\htdocs\gwpC1\vendor\codeigniter4\framework\system\CodeIgniter.php(312): CodeIgniter\CodeIgniter->handleRequest(NULL, Object(Config\Cache), false)
#8 C:\Program Files\xampp\htdocs\gwpC1\vendor\codeigniter4\framework\system\CLI\Console.php(86): CodeIgniter\CodeIgniter->run()
#9 C:\Program Files\xampp\htdocs\gwpC1\spark(57): CodeIgniter\CLI\Console->run()
#10 {main}
CRITICAL - 2020-10-02 08:09:51 --> syntax error, unexpected 'public' (T_PUBLIC), expecting ',' or ';'
#0 C:\Program Files\xampp\htdocs\gwpC1\vendor\codeigniter4\framework\system\Database\MigrationRunner.php(223): CodeIgniter\Database\MigrationRunner->migrate('up', Object(stdClass))
#1 C:\Program Files\xampp\htdocs\gwpC1\vendor\codeigniter4\framework\system\Commands\Database\Migrate.php(128): CodeIgniter\Database\MigrationRunner->latest(NULL)
#2 C:\Program Files\xampp\htdocs\gwpC1\vendor\codeigniter4\framework\system\CLI\Commands.php(100): CodeIgniter\Commands\Database\Migrate->run(Array)
#3 C:\Program Files\xampp\htdocs\gwpC1\vendor\codeigniter4\framework\system\CLI\CommandRunner.php(107): CodeIgniter\CLI\Commands->run('migrate', Array)
#4 C:\Program Files\xampp\htdocs\gwpC1\vendor\codeigniter4\framework\system\CLI\CommandRunner.php(85): CodeIgniter\CLI\CommandRunner->index(Array)
#5 C:\Program Files\xampp\htdocs\gwpC1\vendor\codeigniter4\framework\system\CodeIgniter.php(914): CodeIgniter\CLI\CommandRunner->_remap('index', 'migrate')
#6 C:\Program Files\xampp\htdocs\gwpC1\vendor\codeigniter4\framework\system\CodeIgniter.php(404): CodeIgniter\CodeIgniter->runController(Object(CodeIgniter\CLI\CommandRunner))
#7 C:\Program Files\xampp\htdocs\gwpC1\vendor\codeigniter4\framework\system\CodeIgniter.php(312): CodeIgniter\CodeIgniter->handleRequest(NULL, Object(Config\Cache), false)
#8 C:\Program Files\xampp\htdocs\gwpC1\vendor\codeigniter4\framework\system\CLI\Console.php(86): CodeIgniter\CodeIgniter->run()
#9 C:\Program Files\xampp\htdocs\gwpC1\spark(57): CodeIgniter\CLI\Console->run()
#10 {main}
CRITICAL - 2020-10-02 08:13:52 --> syntax error, unexpected 'public' (T_PUBLIC), expecting ',' or ';'
#0 C:\Program Files\xampp\htdocs\gwpC1\vendor\codeigniter4\framework\system\Database\MigrationRunner.php(223): CodeIgniter\Database\MigrationRunner->migrate('up', Object(stdClass))
#1 C:\Program Files\xampp\htdocs\gwpC1\vendor\codeigniter4\framework\system\Commands\Database\Migrate.php(128): CodeIgniter\Database\MigrationRunner->latest(NULL)
#2 C:\Program Files\xampp\htdocs\gwpC1\vendor\codeigniter4\framework\system\CLI\Commands.php(100): CodeIgniter\Commands\Database\Migrate->run(Array)
#3 C:\Program Files\xampp\htdocs\gwpC1\vendor\codeigniter4\framework\system\CLI\CommandRunner.php(107): CodeIgniter\CLI\Commands->run('migrate', Array)
#4 C:\Program Files\xampp\htdocs\gwpC1\vendor\codeigniter4\framework\system\CLI\CommandRunner.php(85): CodeIgniter\CLI\CommandRunner->index(Array)
#5 C:\Program Files\xampp\htdocs\gwpC1\vendor\codeigniter4\framework\system\CodeIgniter.php(914): CodeIgniter\CLI\CommandRunner->_remap('index', 'migrate')
#6 C:\Program Files\xampp\htdocs\gwpC1\vendor\codeigniter4\framework\system\CodeIgniter.php(404): CodeIgniter\CodeIgniter->runController(Object(CodeIgniter\CLI\CommandRunner))
#7 C:\Program Files\xampp\htdocs\gwpC1\vendor\codeigniter4\framework\system\CodeIgniter.php(312): CodeIgniter\CodeIgniter->handleRequest(NULL, Object(Config\Cache), false)
#8 C:\Program Files\xampp\htdocs\gwpC1\vendor\codeigniter4\framework\system\CLI\Console.php(86): CodeIgniter\CodeIgniter->run()
#9 C:\Program Files\xampp\htdocs\gwpC1\spark(57): CodeIgniter\CLI\Console->run()
#10 {main}
CRITICAL - 2020-10-02 08:36:33 --> syntax error, unexpected 'public' (T_PUBLIC), expecting end of file
#0 C:\Program Files\xampp\htdocs\gwpC1\vendor\codeigniter4\framework\system\Database\MigrationRunner.php(223): CodeIgniter\Database\MigrationRunner->migrate('up', Object(stdClass))
#1 C:\Program Files\xampp\htdocs\gwpC1\vendor\codeigniter4\framework\system\Commands\Database\Migrate.php(128): CodeIgniter\Database\MigrationRunner->latest(NULL)
#2 C:\Program Files\xampp\htdocs\gwpC1\vendor\codeigniter4\framework\system\CLI\Commands.php(100): CodeIgniter\Commands\Database\Migrate->run(Array)
#3 C:\Program Files\xampp\htdocs\gwpC1\vendor\codeigniter4\framework\system\CLI\CommandRunner.php(107): CodeIgniter\CLI\Commands->run('migrate', Array)
#4 C:\Program Files\xampp\htdocs\gwpC1\vendor\codeigniter4\framework\system\CLI\CommandRunner.php(85): CodeIgniter\CLI\CommandRunner->index(Array)
#5 C:\Program Files\xampp\htdocs\gwpC1\vendor\codeigniter4\framework\system\CodeIgniter.php(914): CodeIgniter\CLI\CommandRunner->_remap('index', 'migrate')
#6 C:\Program Files\xampp\htdocs\gwpC1\vendor\codeigniter4\framework\system\CodeIgniter.php(404): CodeIgniter\CodeIgniter->runController(Object(CodeIgniter\CLI\CommandRunner))
#7 C:\Program Files\xampp\htdocs\gwpC1\vendor\codeigniter4\framework\system\CodeIgniter.php(312): CodeIgniter\CodeIgniter->handleRequest(NULL, Object(Config\Cache), false)
#8 C:\Program Files\xampp\htdocs\gwpC1\vendor\codeigniter4\framework\system\CLI\Console.php(86): CodeIgniter\CodeIgniter->run()
#9 C:\Program Files\xampp\htdocs\gwpC1\spark(57): CodeIgniter\CLI\Console->run()
#10 {main}
CRITICAL - 2020-10-02 08:37:07 --> syntax error, unexpected 'private' (T_PRIVATE), expecting ';' or '{'
#0 C:\Program Files\xampp\htdocs\gwpC1\vendor\codeigniter4\framework\system\Database\MigrationRunner.php(223): CodeIgniter\Database\MigrationRunner->migrate('up', Object(stdClass))
#1 C:\Program Files\xampp\htdocs\gwpC1\vendor\codeigniter4\framework\system\Commands\Database\Migrate.php(128): CodeIgniter\Database\MigrationRunner->latest(NULL)
#2 C:\Program Files\xampp\htdocs\gwpC1\vendor\codeigniter4\framework\system\CLI\Commands.php(100): CodeIgniter\Commands\Database\Migrate->run(Array)
#3 C:\Program Files\xampp\htdocs\gwpC1\vendor\codeigniter4\framework\system\CLI\CommandRunner.php(107): CodeIgniter\CLI\Commands->run('migrate', Array)
#4 C:\Program Files\xampp\htdocs\gwpC1\vendor\codeigniter4\framework\system\CLI\CommandRunner.php(85): CodeIgniter\CLI\CommandRunner->index(Array)
#5 C:\Program Files\xampp\htdocs\gwpC1\vendor\codeigniter4\framework\system\CodeIgniter.php(914): CodeIgniter\CLI\CommandRunner->_remap('index', 'migrate')
#6 C:\Program Files\xampp\htdocs\gwpC1\vendor\codeigniter4\framework\system\CodeIgniter.php(404): CodeIgniter\CodeIgniter->runController(Object(CodeIgniter\CLI\CommandRunner))
#7 C:\Program Files\xampp\htdocs\gwpC1\vendor\codeigniter4\framework\system\CodeIgniter.php(312): CodeIgniter\CodeIgniter->handleRequest(NULL, Object(Config\Cache), false)
#8 C:\Program Files\xampp\htdocs\gwpC1\vendor\codeigniter4\framework\system\CLI\Console.php(86): CodeIgniter\CodeIgniter->run()
#9 C:\Program Files\xampp\htdocs\gwpC1\spark(57): CodeIgniter\CLI\Console->run()
#10 {main}
CRITICAL - 2020-10-02 08:37:30 --> syntax error, unexpected 'public' (T_PUBLIC), expecting end of file
#0 C:\Program Files\xampp\htdocs\gwpC1\vendor\codeigniter4\framework\system\Database\MigrationRunner.php(223): CodeIgniter\Database\MigrationRunner->migrate('up', Object(stdClass))
#1 C:\Program Files\xampp\htdocs\gwpC1\vendor\codeigniter4\framework\system\Commands\Database\Migrate.php(128): CodeIgniter\Database\MigrationRunner->latest(NULL)
#2 C:\Program Files\xampp\htdocs\gwpC1\vendor\codeigniter4\framework\system\CLI\Commands.php(100): CodeIgniter\Commands\Database\Migrate->run(Array)
#3 C:\Program Files\xampp\htdocs\gwpC1\vendor\codeigniter4\framework\system\CLI\CommandRunner.php(107): CodeIgniter\CLI\Commands->run('migrate', Array)
#4 C:\Program Files\xampp\htdocs\gwpC1\vendor\codeigniter4\framework\system\CLI\CommandRunner.php(85): CodeIgniter\CLI\CommandRunner->index(Array)
#5 C:\Program Files\xampp\htdocs\gwpC1\vendor\codeigniter4\framework\system\CodeIgniter.php(914): CodeIgniter\CLI\CommandRunner->_remap('index', 'migrate')
#6 C:\Program Files\xampp\htdocs\gwpC1\vendor\codeigniter4\framework\system\CodeIgniter.php(404): CodeIgniter\CodeIgniter->runController(Object(CodeIgniter\CLI\CommandRunner))
#7 C:\Program Files\xampp\htdocs\gwpC1\vendor\codeigniter4\framework\system\CodeIgniter.php(312): CodeIgniter\CodeIgniter->handleRequest(NULL, Object(Config\Cache), false)
#8 C:\Program Files\xampp\htdocs\gwpC1\vendor\codeigniter4\framework\system\CLI\Console.php(86): CodeIgniter\CodeIgniter->run()
#9 C:\Program Files\xampp\htdocs\gwpC1\spark(57): CodeIgniter\CLI\Console->run()
#10 {main}
